2025-09-03 21:20:19,748 - monarchmoney - WARNING - warning:71 - Using default password for session encryption. Consider providing explicit password for better security.
2025-09-03 21:20:19,773 - AuthenticationService - INFO - info:62 - Loading saved session - {'session_file': '.mm/mm_session.pickle'}
2025-09-03 21:20:19,774 - monarchmoney - WARNING - warning:71 - Using default password for session encryption. Consider providing explicit password for better security.
2025-09-03 21:20:19,793 - monarchmoney - ERROR - error:76 - Failed to load session - {'session_file': '.mm/mm_session.pickle'}
Traceback (most recent call last):
  File "/Users/keith/.local/share/uv/tools/monarch-money-mcp-enhanced/lib/python3.13/site-packages/cryptography/fernet.py", line 114, in _get_unverified_token_data
    data = base64.urlsafe_b64decode(token)
  File "/opt/homebrew/Cellar/python@3.13/3.13.5/Frameworks/Python.framework/Versions/3.13/lib/python3.13/base64.py", line 134, in urlsafe_b64decode
    return b64decode(s)
  File "/opt/homebrew/Cellar/python@3.13/3.13.5/Frameworks/Python.framework/Versions/3.13/lib/python3.13/base64.py", line 88, in b64decode
    return binascii.a2b_base64(s, strict_mode=validate)
           ~~~~~~~~~~~~~~~~~~~^^^^^^^^^^^^^^^^^^^^^^^^^
binascii.Error: Incorrect padding

During handling of the above exception, another exception occurred:

Traceback (most recent call last):
  File "/Users/keith/.local/share/uv/tools/monarch-money-mcp-enhanced/lib/python3.13/site-packages/monarchmoney/session_storage.py", line 158, in load_session
    decrypted_data = self.cipher.decrypt(file_data)
  File "/Users/keith/.local/share/uv/tools/monarch-money-mcp-enhanced/lib/python3.13/site-packages/cryptography/fernet.py", line 85, in decrypt
    timestamp, data = Fernet._get_unverified_token_data(token)
                      ~~~~~~~~~~~~~~~~~~~~~~~~~~~~~~~~~^^^^^^^
  File "/Users/keith/.local/share/uv/tools/monarch-money-mcp-enhanced/lib/python3.13/site-packages/cryptography/fernet.py", line 116, in _get_unverified_token_data
    raise InvalidToken
cryptography.fernet.InvalidToken

During handling of the above exception, another exception occurred:

Traceback (most recent call last):
  File "/Users/keith/.local/share/uv/tools/monarch-money-mcp-enhanced/lib/python3.13/site-packages/monarchmoney/session_storage.py", line 165, in load_session
    json_data = file_data.decode("utf-8")
UnicodeDecodeError: 'utf-8' codec can't decode byte 0x80 in position 0: invalid start byte
2025-09-03 21:20:19,796 - AuthenticationService - ERROR - error:76 - Failed to load session - {'session_file': '.mm/mm_session.pickle', 'error': "'utf-8' codec can't decode byte 0x80 in position 0: invalid start byte"}
2025-09-03 21:28:50,351 - monarchmoney - WARNING - warning:71 - Using default password for session encryption. Consider providing explicit password for better security.
2025-09-03 21:28:50,378 - AuthenticationService - INFO - info:62 - Attempting user login - {'email': 'keith@hadm.net'}
2025-09-03 21:34:13,705 - monarchmoney - WARNING - warning:71 - Using default password for session encryption. Consider providing explicit password for better security.
2025-09-03 21:34:13,705 - monarchmoney - WARNING - warning:71 - Using default password for session encryption. Consider providing explicit password for better security.
2025-09-03 21:34:13,759 - AuthenticationService - INFO - info:62 - Attempting user login - {'email': 'keith@hadm.net'}
2025-09-03 21:34:13,759 - AuthenticationService - INFO - info:62 - Attempting user login - {'email': 'keith@hadm.net'}
2025-09-03 21:38:34,686 - monarchmoney - WARNING - warning:71 - Using default password for session encryption. Consider providing explicit password for better security.
2025-09-03 21:38:34,712 - AuthenticationService - INFO - info:62 - Attempting user login - {'email': 'keith@hadm.net'}
2025-09-03 21:38:59,370 - monarchmoney - WARNING - warning:71 - Using default password for session encryption. Consider providing explicit password for better security.
2025-09-03 21:38:59,396 - AuthenticationService - INFO - info:62 - Attempting user login - {'email': 'keith@hadm.net'}
2025-09-03 21:53:22,623 - monarchmoney - WARNING - warning:71 - Using default password for session encryption. Consider providing explicit password for better security.
2025-09-03 21:53:22,623 - monarchmoney - WARNING - warning:71 - Using default password for session encryption. Consider providing explicit password for better security.
2025-09-03 21:53:22,671 - AuthenticationService - INFO - info:62 - Attempting user login - {'email': 'keith@hadm.net'}
2025-09-03 21:53:22,671 - AuthenticationService - INFO - info:62 - Attempting user login - {'email': 'keith@hadm.net'}
2025-09-03 22:09:37,703 - monarchmoney - WARNING - warning:71 - Using default password for session encryption. Consider providing explicit password for better security.
2025-09-03 22:09:37,752 - AuthenticationService - INFO - info:62 - Attempting user login - {'email': 'keith@hadm.net'}
2025-09-03 22:09:39,741 - AuthenticationService - INFO - info:62 - Login successful - {'email': 'keith@hadm.net'}
2025-09-03 22:09:39,742 - monarchmoney - WARNING - warning:71 - Using default password for session encryption. Consider providing explicit password for better security.
2025-09-03 22:09:39,768 - AuthenticationService - INFO - info:62 - Session saved successfully - {'session_file': '.mm/mm_session.pickle'}
2025-09-03 22:09:39,768 - AccountService - INFO - info:64 - Fetching accounts
2025-09-03 22:10:15,502 - monarchmoney - WARNING - warning:71 - Using default password for session encryption. Consider providing explicit password for better security.
2025-09-03 22:10:15,502 - monarchmoney - WARNING - warning:71 - Using default password for session encryption. Consider providing explicit password for better security.
2025-09-03 22:10:15,528 - AuthenticationService - INFO - info:62 - Loading saved session - {'session_file': '.mm/mm_session.pickle'}
2025-09-03 22:10:15,528 - AuthenticationService - INFO - info:62 - Loading saved session - {'session_file': '.mm/mm_session.pickle'}
2025-09-03 22:10:15,528 - monarchmoney - WARNING - warning:71 - Using default password for session encryption. Consider providing explicit password for better security.
2025-09-03 22:10:15,528 - monarchmoney - WARNING - warning:71 - Using default password for session encryption. Consider providing explicit password for better security.
2025-09-03 22:10:15,556 - AuthenticationService - INFO - info:62 - Session loaded successfully - {'session_file': '.mm/mm_session.pickle'}
2025-09-03 22:10:15,556 - AuthenticationService - INFO - info:62 - Session loaded successfully - {'session_file': '.mm/mm_session.pickle'}
2025-09-03 22:10:15,557 - monarchmoney - INFO - info:62 - Session saved securely - {'session_file': '/Users/keith/.monarchmoney_session'}
2025-09-03 22:10:15,557 - monarchmoney - INFO - info:62 - Session saved securely - {'session_file': '/Users/keith/.monarchmoney_session'}
2025-09-03 22:19:39,591 - monarchmoney - WARNING - warning:71 - Using default password for session encryption. Consider providing explicit password for better security.
2025-09-03 22:19:39,617 - AuthenticationService - INFO - info:62 - Loading saved session - {'session_file': '.mm/mm_session.pickle'}
2025-09-03 22:19:39,617 - monarchmoney - WARNING - warning:71 - Using default password for session encryption. Consider providing explicit password for better security.
2025-09-03 22:19:39,644 - AuthenticationService - INFO - info:62 - Session loaded successfully - {'session_file': '.mm/mm_session.pickle'}
2025-09-03 22:19:39,644 - SettingsService - INFO - info:64 - Fetching user profile information
2025-09-03 22:19:40,103 - AccountService - INFO - info:64 - Fetching accounts
2025-09-04 08:44:17,163 - monarchmoney - WARNING - warning:71 - Using default password for session encryption. Consider providing explicit password for better security.
2025-09-04 08:44:17,218 - AuthenticationService - INFO - info:62 - Loading saved session - {'session_file': '.mm/mm_session.pickle'}
2025-09-04 08:44:17,218 - monarchmoney - WARNING - warning:71 - Using default password for session encryption. Consider providing explicit password for better security.
2025-09-04 08:44:17,241 - AuthenticationService - INFO - info:62 - Session loaded successfully - {'session_file': '.mm/mm_session.pickle'}
2025-09-04 08:44:17,241 - SettingsService - INFO - info:64 - Fetching user profile information
2025-09-04 08:44:17,882 - AccountService - INFO - info:64 - Fetching accounts
